c:\users\marcos\source\repos\h3xduck\tfm\src\gui\pintracerui\x64\debug\qrc_maintoolbarresource.obj
c:\users\marcos\source\repos\h3xduck\tfm\src\gui\pintracerui\x64\debug\moc_tracedprocessdrawer.obj
c:\users\marcos\source\repos\h3xduck\tfm\src\gui\pintracerui\x64\debug\moc_protocolvisualizationwidget.obj
c:\users\marcos\source\repos\h3xduck\tfm\src\gui\pintracerui\x64\debug\moc_mainwindow.obj
c:\users\marcos\source\repos\h3xduck\tfm\src\gui\pintracerui\x64\debug\moc_tracefunctionswidget.obj
c:\users\marcos\source\repos\h3xduck\tfm\src\gui\pintracerui\x64\debug\moc_taintroutineswidget.obj
c:\users\marcos\source\repos\h3xduck\tfm\src\gui\pintracerui\x64\debug\moc_tracedprocesswidget.obj
c:\users\marcos\source\repos\h3xduck\tfm\src\gui\pintracerui\x64\debug\moc_multiwindowviewwidget.obj
c:\users\marcos\source\repos\h3xduck\tfm\src\gui\pintracerui\x64\debug\moc_protocolbufferdrawer.obj
c:\users\marcos\source\repos\h3xduck\tfm\src\gui\pintracerui\x64\debug\moc_pinconfigurationdialog.obj
c:\users\marcos\source\repos\h3xduck\tfm\src\gui\pintracerui\x64\debug\moc_tainteventswidget.obj
c:\users\marcos\source\repos\h3xduck\tfm\src\gui\pintracerui\x64\debug\vc143.pdb
c:\users\marcos\source\repos\h3xduck\tfm\src\gui\pintracerui\x64\debug\tracedprocessdrawer.obj
c:\users\marcos\source\repos\h3xduck\tfm\src\gui\pintracerui\x64\debug\pinconfigurationdialog.obj
c:\users\marcos\source\repos\h3xduck\tfm\src\gui\pintracerui\x64\debug\tracedprocesswidget.obj
c:\users\marcos\source\repos\h3xduck\tfm\src\gui\pintracerui\x64\debug\executionbridge.obj
c:\users\marcos\source\repos\h3xduck\tfm\src\gui\pintracerui\x64\debug\globals.obj
c:\users\marcos\source\repos\h3xduck\tfm\src\gui\pintracerui\x64\debug\pintracerui.exe
c:\users\marcos\source\repos\h3xduck\tfm\src\gui\pintracerui\x64\debug\pintracerui.ilk
c:\users\marcos\source\repos\h3xduck\tfm\src\gui\pintracerui\x64\debug\pintracerui.pdb
c:\users\marcos\source\repos\h3xduck\tfm\src\gui\pintracerui\x64\debug\moc\moc_mainwindow.cpp
c:\users\marcos\source\repos\h3xduck\tfm\src\gui\pintracerui\x64\debug\moc\moc_multiwindowviewwidget.cpp
c:\users\marcos\source\repos\h3xduck\tfm\src\gui\pintracerui\x64\debug\moc\moc_tracefunctionswidget.cpp
c:\users\marcos\source\repos\h3xduck\tfm\src\gui\pintracerui\x64\debug\moc\moc_taintroutineswidget.cpp
c:\users\marcos\source\repos\h3xduck\tfm\src\gui\pintracerui\x64\debug\moc\moc_tainteventswidget.cpp
c:\users\marcos\source\repos\h3xduck\tfm\src\gui\pintracerui\x64\debug\moc\moc_protocolvisualizationwidget.cpp
c:\users\marcos\source\repos\h3xduck\tfm\src\gui\pintracerui\x64\debug\moc\moc_protocolbufferdrawer.cpp
c:\users\marcos\source\repos\h3xduck\tfm\src\gui\pintracerui\x64\debug\moc\moc_tracedprocesswidget.cpp
c:\users\marcos\source\repos\h3xduck\tfm\src\gui\pintracerui\x64\debug\moc\moc_tracedprocessdrawer.cpp
c:\users\marcos\source\repos\h3xduck\tfm\src\gui\pintracerui\x64\debug\moc\moc_pinconfigurationdialog.cpp
c:\users\marcos\source\repos\h3xduck\tfm\src\gui\pintracerui\x64\debug\uic\ui_mainwindow.h
c:\users\marcos\source\repos\h3xduck\tfm\src\gui\pintracerui\x64\debug\uic\ui_multiwindowviewwidget.h
c:\users\marcos\source\repos\h3xduck\tfm\src\gui\pintracerui\x64\debug\uic\ui_pinconfigurationdialog.h
c:\users\marcos\source\repos\h3xduck\tfm\src\gui\pintracerui\x64\debug\uic\ui_protocolbufferdrawer.h
c:\users\marcos\source\repos\h3xduck\tfm\src\gui\pintracerui\x64\debug\uic\ui_protocolvisualizationwidget.h
c:\users\marcos\source\repos\h3xduck\tfm\src\gui\pintracerui\x64\debug\uic\ui_tainteventswidget.h
c:\users\marcos\source\repos\h3xduck\tfm\src\gui\pintracerui\x64\debug\uic\ui_taintroutineswidget.h
c:\users\marcos\source\repos\h3xduck\tfm\src\gui\pintracerui\x64\debug\uic\ui_tracedprocesswidget.h
c:\users\marcos\source\repos\h3xduck\tfm\src\gui\pintracerui\x64\debug\uic\ui_tracefunctionswidget.h
c:\users\marcos\source\repos\h3xduck\tfm\src\gui\pintracerui\x64\debug\rcc\qrc_maintoolbarresource.cpp
c:\users\marcos\source\repos\h3xduck\tfm\src\gui\pintracerui\x64\debug\databasemanager.obj
c:\users\marcos\source\repos\h3xduck\tfm\src\gui\pintracerui\x64\debug\main.obj
c:\users\marcos\source\repos\h3xduck\tfm\src\gui\pintracerui\x64\debug\mainwindow.obj
c:\users\marcos\source\repos\h3xduck\tfm\src\gui\pintracerui\x64\debug\multiwindowviewwidget.obj
c:\users\marcos\source\repos\h3xduck\tfm\src\gui\pintracerui\x64\debug\protocolbufferdrawer.obj
c:\users\marcos\source\repos\h3xduck\tfm\src\gui\pintracerui\x64\debug\protocolvisualizationwidget.obj
c:\users\marcos\source\repos\h3xduck\tfm\src\gui\pintracerui\x64\debug\tainteventswidget.obj
c:\users\marcos\source\repos\h3xduck\tfm\src\gui\pintracerui\x64\debug\taintroutineswidget.obj
c:\users\marcos\source\repos\h3xduck\tfm\src\gui\pintracerui\x64\debug\tracefunctionswidget.obj
c:\users\marcos\source\repos\h3xduck\tfm\src\gui\pintracerui\x64\debug\pintracerui.tlog\cl.100184.write.1.tlog
c:\users\marcos\source\repos\h3xduck\tfm\src\gui\pintracerui\x64\debug\pintracerui.tlog\cl.command.1.tlog
c:\users\marcos\source\repos\h3xduck\tfm\src\gui\pintracerui\x64\debug\pintracerui.tlog\cl.read.1.tlog
c:\users\marcos\source\repos\h3xduck\tfm\src\gui\pintracerui\x64\debug\pintracerui.tlog\link.command.1.tlog
c:\users\marcos\source\repos\h3xduck\tfm\src\gui\pintracerui\x64\debug\pintracerui.tlog\link.read.1.tlog
c:\users\marcos\source\repos\h3xduck\tfm\src\gui\pintracerui\x64\debug\pintracerui.tlog\link.write.1.tlog
c:\users\marcos\source\repos\h3xduck\tfm\src\gui\pintracerui\x64\debug\pintracerui.tlog\moc.read.1u.tlog
c:\users\marcos\source\repos\h3xduck\tfm\src\gui\pintracerui\x64\debug\pintracerui.tlog\moc.write.1u.tlog
c:\users\marcos\source\repos\h3xduck\tfm\src\gui\pintracerui\x64\debug\pintracerui.tlog\pintracerui.write.1u.tlog
c:\users\marcos\source\repos\h3xduck\tfm\src\gui\pintracerui\x64\debug\pintracerui.tlog\rcc.read.1u.tlog
c:\users\marcos\source\repos\h3xduck\tfm\src\gui\pintracerui\x64\debug\pintracerui.tlog\rcc.write.1u.tlog
c:\users\marcos\source\repos\h3xduck\tfm\src\gui\pintracerui\x64\debug\pintracerui.tlog\uic.read.1u.tlog
c:\users\marcos\source\repos\h3xduck\tfm\src\gui\pintracerui\x64\debug\pintracerui.tlog\uic.write.1u.tlog
